<?xml version="1.0" encoding="ISO-8859-1"?>
<configuration xmlns:xsi="http://www.w3.org/2001/XMLSchema-instance"
	xmlns="http://www.exoplatform.org/xml/ns/kernel_1_2.xsd"
	xsi:schemaLocation="http://www.exoplatform.org/xml/ns/kernel_1_2.xsd http://www.exoplatform.org/xml/ns/kernel_1_2.xsd">
	<component>
		<key>org.exoplatform.services.jcr.ext.distribution.DataDistributionManager</key>
		<type>org.exoplatform.services.jcr.ext.distribution.impl.DataDistributionManagerImpl</type>
	</component>
	<component>
		<key>org.exoplatform.services.jcr.ext.hierarchy.NodeHierarchyCreator</key>
		<type>org.exoplatform.services.jcr.ext.hierarchy.impl.NodeHierarchyCreatorImpl</type>
	</component>
	<component>
		<key>org.exoplatform.services.organization.OrganizationService</key>
		<type>org.exoplatform.settings.impl.MockOrganizationService</type>
	</component>
	<component>
		<type>org.exoplatform.services.deployment.ContentInitializerService</type>
	</component>
	<external-component-plugins>
		<target-component>org.exoplatform.services.jcr.ext.hierarchy.NodeHierarchyCreator</target-component>
		<component-plugin>
			<name>addPaths</name>
			<set-method>addPlugin</set-method>
			<type>org.exoplatform.services.jcr.ext.hierarchy.impl.AddPathPlugin</type>
			<init-params>
				<object-param>
					<name>cms.configuration</name>
					<description>configuration for the cms path</description>
					<object
						type="org.exoplatform.services.jcr.ext.hierarchy.impl.HierarchyConfig">
						<field name="repository">
							<string>repository</string>
						</field>
						<field name="workspaces">
							<collection type="java.util.ArrayList">
								<value>
									<string>portal-test</string>
								</value>
							</collection>
						</field>
						<field name="jcrPaths">
							<collection type="java.util.ArrayList">
								<value>
									<object
										type="org.exoplatform.services.jcr.ext.hierarchy.impl.HierarchyConfig$JcrPath">
										<field name="alias">
											<string>eXoServices</string>
										</field>
										<field name="path">
											<string>/Test</string>
										</field>
										<field name="mixinTypes">
											<collection type="java.util.ArrayList">
												<value>
													<string>exo:hiddenable</string>
												</value>
											</collection>
										</field>
										<field name="permissions">
											<collection type="java.util.ArrayList">
												<value>
													<object
														type="org.exoplatform.services.jcr.ext.hierarchy.impl.HierarchyConfig$Permission">
														<field name="identity">
															<string>any</string>
														</field>
														<field name="read">
															<string>true</string>
														</field>
														<field name="addNode">
															<string>false</string>
														</field>
														<field name="setProperty">
															<string>false</string>
														</field>
														<field name="remove">
															<string>false</string>
														</field>
													</object>
												</value>
											</collection>
										</field>
									</object>
								</value>
							</collection>
						</field>
					</object>
				</object-param>
			</init-params>
		</component-plugin>
	</external-component-plugins>

	<external-component-plugins>
		<target-component>org.exoplatform.services.deployment.ContentInitializerService</target-component>
		<component-plugin>
			<name>Content Initializer Service</name>
			<set-method>addPlugin</set-method>
			<type>org.exoplatform.services.deployment.TestContentInitializerService$DeploymentPluginTest</type>
			<description>Test Deployment Plugin</description>
		</component-plugin>
	</external-component-plugins>

</configuration>