<?xml version="1.0" encoding="ISO-8859-1"?>
<configuration xmlns:xsi="http://www.w3.org/2001/XMLSchema-instance"
  xsi:schemaLocation="http://www.exoplatform.org/xml/ns/kernel_1_2.xsd http://www.exoplatform.org/xml/ns/kernel_1_2.xsd"
  xmlns="http://www.exoplatform.org/xml/ns/kernel_1_2.xsd">
  
  <component>                                                                                                                                                                                                 
     <type>org.exoplatform.services.rest.impl.ResourceBinder</type>                                                                                                                                           
  </component> 
  
  <component>
    <key>org.exoplatform.services.scheduler.QueueTasks</key>
    <type>org.exoplatform.services.scheduler.QueueTasks</type>
  </component>

  <component>
    <type>org.exoplatform.services.scheduler.impl.QuartzSheduler</type>
  </component>

  <component>
    <key>org.exoplatform.services.scheduler.JobSchedulerService</key>
    <type>org.exoplatform.services.scheduler.impl.JobSchedulerServiceImpl</type>
  </component>

  <component>
    <key>org.exoplatform.commons.api.event.EventManager</key>
    <type>org.exoplatform.commons.event.impl.EventManagerImpl</type>
  </component>

  <component>
    <key>org.exoplatform.commons.chromattic.ChromatticManager</key>
    <type>org.exoplatform.commons.chromattic.ChromatticManager</type>
  </component>

  <component>
    <key>org.exoplatform.settings.impl.SettingServiceImpl</key>
    <type>org.exoplatform.settings.impl.SettingServiceImpl</type>
  </component>

  <component>
    <type>org.exoplatform.commons.notification.cache.TemplateCaching</type>
  </component>

  <component>
    <key>org.exoplatform.services.resources.LocaleConfigService</key>
    <type>org.exoplatform.services.resources.impl.LocaleConfigServiceImpl</type>
    <init-params>
      <value-param>
        <name>locale.config.file</name>
        <value>jar:/conf/portal/locales-config.xml</value>
      </value-param>
    </init-params>
  </component>

  <component>
    <key>org.exoplatform.services.resources.LocalePolicy</key>
    <type>org.exoplatform.portal.application.localization.DefaultLocalePolicyService</type>
  </component>

  <component>
    <key>org.exoplatform.services.resources.ResourceBundleManager</key>
    <type>org.exoplatform.services.resources.ResourceBundleManager</type>
  </component>

  <component>
    <key>org.exoplatform.services.resources.ResourceBundleService</key>
    <type>org.exoplatform.services.resources.impl.SimpleResourceBundleService</type>
    <init-params>
      <values-param>
        <name>classpath.resources</name>
        <description>The resources that start with the following package name should be load from file system</description>
        <value>locale.portlet</value>
      </values-param>
      <values-param>
        <name>init.resources</name>
        <description>Initiate the following resources during the first launch</description>
        <value>locale.portal.expression</value>
      </values-param>
      <values-param>
        <name>portal.resource.names</name>
        <description>The properties files of the portal , those file will be merged into one ResoruceBundle properties
        </description>
        <value>locale.portal.expression</value>
      </values-param>
    </init-params>
  </component>

  <component>
    <key>org.exoplatform.services.cache.CacheService</key>
    <jmx-name>cache:type=CacheService</jmx-name>
    <type>org.exoplatform.services.cache.impl.CacheServiceImpl</type>
    <init-params>
      <object-param>
        <name>cache.config.default</name>
        <object type="org.exoplatform.services.cache.ExoCacheConfig">
          <field name="name">
            <string>default</string>
          </field>
          <field name="maxSize">
            <int>30000</int>
          </field>
          <field name="liveTime">
            <long>60000</long>
          </field>
          <field name="distributed">
            <boolean>false</boolean>
          </field>
          <field name="implementation">
            <string>org.exoplatform.services.cache.concurrent.ConcurrentFIFOExoCache</string>
          </field>
        </object>
      </object-param>
    </init-params>
  </component>

  <component>
    <type>org.exoplatform.commons.cluster.StartableClusterAwareTest$ClassA</type>
  </component>

  <component>
    <type>org.exoplatform.commons.cluster.StartableClusterAwareTest$ClassB</type>
  </component>

  <component>
    <type>org.exoplatform.commons.cluster.StartableClusterAwareTest$ClassC</type>
  </component>

  <component>
    <type>org.exoplatform.commons.cluster.StartableClusterService</type>
     <init-params>
        <value-param>
          <name>exo.cluster.startable.check.period</name>
          <value>${exo.cluster.startable.check.period:100}</value>
        </value-param>
     </init-params>
  </component>

  <component>
    <key>org.exoplatform.commons.api.settings.SettingService</key>
    <type>org.exoplatform.settings.cache.CacheSettingServiceImpl</type>
  </component>

  	<external-component-plugins>
		<target-component>org.exoplatform.commons.chromattic.ChromatticManager</target-component>
		<component-plugin>
			<name>chromattic</name>
			<set-method>addLifeCycle</set-method>
			<type>org.exoplatform.commons.chromattic.ChromatticLifeCycle</type>
			<init-params>
				<value-param>
					<name>domain-name</name>
					<value>setting</value>
				</value-param>
				<value-param>
					<name>workspace-name</name>
					<value>portal-test</value>
				</value-param>
				<values-param>
					<name>entities</name>
					<value>org.exoplatform.settings.chromattic.SettingsRoot</value>
					<value>org.exoplatform.settings.chromattic.ContextEntity</value>
					<value>org.exoplatform.settings.chromattic.SimpleContextEntity</value>
					<value>org.exoplatform.settings.chromattic.SubContextEntity</value>
					<value>org.exoplatform.settings.chromattic.ScopeEntity</value>
				</values-param>
			</init-params>
		</component-plugin>
	</external-component-plugins>

	<external-component-plugins>
		<target-component>org.exoplatform.services.jcr.RepositoryService</target-component>
		<component-plugin>
			<name>add.nodeType</name>
			<set-method>addPlugin</set-method>
			<type>org.exoplatform.services.jcr.impl.AddNodeTypePlugin</type>
			<init-params>
				<values-param>
					<name>autoCreatedInNewRepository</name>
					<description>Node types configuration file</description>
					<value>classpath:/conf/jcr/test-nodetypes-config.xml</value>
					<value>classpath:/conf/portal/activity-extension-nodetypes.xml</value>
				</values-param>
			</init-params>
		</component-plugin>
		<component-plugin>
			<name>add.namespaces</name>
			<set-method>addPlugin</set-method>
			<type>org.exoplatform.services.jcr.impl.AddNamespacesPlugin</type>
			<init-params>
				<properties-param>
					<name>namespaces</name>
					<property name="stg" value="http://www.gatein.org/jcr/token/1.0/" />
				</properties-param>
			</init-params>
		</component-plugin>
	</external-component-plugins>
</configuration>
