<?xml version="1.0" encoding="ISO-8859-1"?>
<!--

Copyright (C) 2009 eXo Platform SAS.

This is free software; you can redistribute it and/or modify it
under the terms of the GNU Lesser General Public License as
published by the Free Software Foundation; either version 2.1 of
the License, or (at your option) any later version.

This software is distributed in the hope that it will be useful,
but WITHOUT ANY WARRANTY; without even the implied warranty of
MERCHANTABILITY or FITNESS FOR A PARTICULAR PURPOSE. See the GNU
Lesser General Public License for more details.

You should have received a copy of the GNU Lesser General Public
License along with this software; if not, write to the Free
Software Foundation, Inc., 51 Franklin St, Fifth Floor, Boston, MA
02110-1301 USA, or see the FSF site: http://www.fsf.org.

-->
<repository-service default-repository="repository">
    <repositories>
        <repository name="repository" system-workspace="system" default-workspace="collaboration">
            <security-domain>gatein-domain</security-domain>
            <access-control>optional</access-control>
            <authentication-policy>org.exoplatform.services.jcr.impl.core.access.JAASAuthenticator</authentication-policy>
            <workspaces>

                <!-- System -->
                <workspace name="system">
                    <container class="org.exoplatform.services.jcr.impl.storage.jdbc.JDBCWorkspaceDataContainer">
                        <properties>
                            <property name="source-name" value="jdbcexo"/>
                            <property name="dialect" value="hsqldb"/>
                            <property name="multi-db" value="false"/>
                            <property name="update-storage" value="true"/>
                            <property name="max-buffer-size" value="204800"/>
                            <property name="swap-directory" value="target/temp/swap/system_portal"/>
                        </properties>
                        <value-storages>
                            <value-storage id="system" class="org.exoplatform.services.jcr.impl.storage.value.fs.TreeFileValueStorage">
                                <properties>
                                    <property name="path" value="target/temp/values/system_portal"/>
                                </properties>
                                <filters>
                                    <filter property-type="Binary"/>
                                </filters>
                            </value-storage>
                        </value-storages>
                    </container>
                    <initializer class="org.exoplatform.services.jcr.impl.core.ScratchWorkspaceInitializer">
                        <properties>
                            <property name="root-nodetype" value="nt:unstructured"/>
                            <property name="root-permissions" value="*:/platform/administrators read;*:/platform/administrators add_node;*:/platform/administrators set_property;*:/platform/administrators remove"/>
                        </properties>
                    </initializer>
                    <cache enabled="true">
                        <properties>
                            <property name="max-size" value="20000"/>
                            <property name="live-time" value="30000"/>
                        </properties>
                    </cache>
                    <query-handler class="org.exoplatform.services.jcr.impl.core.query.lucene.SearchIndex">
                        <properties>
                            <property name="index-dir" value="target/temp/jcrlucenedb/system_portal"/>
                        </properties>
                    </query-handler>
                    <lock-manager class="org.exoplatform.services.jcr.impl.core.lock.infinispan.ISPNCacheableLockManagerImpl">
                        <properties>
                            <property name="time-out" value="15m" /><!-- 15min -->
                            <property name="path" value="target/temp/lock/portal-test"/>
                            <property name="infinispan-cl-cache.jdbc.datasource" value="jdbcexo" />
                            <property name="infinispan-configuration" value="conf/jcr/jcr-infinispan-lock-config.xml" />
                        </properties>
                    </lock-manager>

                </workspace>

                <!-- ECM Collaboration -->
                <workspace name="collaboration">
                    <container class="org.exoplatform.services.jcr.impl.storage.jdbc.JDBCWorkspaceDataContainer">
                        <properties>
                            <property name="source-name" value="jdbcexo"/>
                            <property name="dialect" value="hsqldb"/>
                            <property name="multi-db" value="false"/>
                            <property name="max-buffer-size" value="200k"/>
                            <property name="swap-directory" value="target/temp/swap/collaboration_portal"/>
                        </properties>
                        <value-storages>
                            <value-storage id="collaboration" class="org.exoplatform.services.jcr.impl.storage.value.fs.TreeFileValueStorage">
                                <properties>
                                    <property name="path" value="target/temp/values/collaboration_portal"/>
                                </properties>
                                <filters>
                                    <filter property-type="Binary"/>
                                </filters>
                            </value-storage>
                        </value-storages>
                    </container>
                    <initializer class="org.exoplatform.services.jcr.impl.core.ScratchWorkspaceInitializer">
                        <properties>
                            <property name="root-nodetype" value="nt:unstructured"/>
                            <property name="root-permissions" value="any read;*:/platform/administrators read;*:/platform/administrators add_node;*:/platform/administrators set_property;*:/platform/administrators remove"/>
                        </properties>
                    </initializer>
                    <cache enabled="true" class="org.exoplatform.services.jcr.impl.dataflow.persistent.LinkedWorkspaceStorageCacheImpl">
                        <properties>
                            <property name="max-size" value="20k"/>
                            <property name="live-time" value="1h"/>
                        </properties>
                    </cache>
                    <query-handler class="org.exoplatform.services.jcr.impl.core.query.lucene.SearchIndex">
                        <properties>
                            <property name="index-dir" value="target/temp/jcrlucenedb/collaboration_portal"/>
                            <property name="support-highlighting" value="true"/>
                            <property name="excerptprovider-class" value="org.exoplatform.services.jcr.impl.core.query.lucene.DefaultHTMLExcerpt"/>
                            <property name="spellchecker-class" value="org.exoplatform.services.jcr.impl.core.query.lucene.spell.LuceneSpellChecker"/>
                            <property name="synonymprovider-class" value="org.exoplatform.services.jcr.impl.core.query.lucene.synonym.WordNetSynonyms"/>
                        </properties>
                    </query-handler>
                    <lock-manager class="org.exoplatform.services.jcr.impl.core.lock.infinispan.ISPNCacheableLockManagerImpl">
                        <properties>
                            <property name="time-out" value="15m" /><!-- 15min -->
                            <property name="path" value="target/temp/lock/portal-test"/>
                            <property name="infinispan-cl-cache.jdbc.datasource" value="jdbcexo" />
                            <property name="infinispan-configuration" value="conf/jcr/jcr-infinispan-lock-config.xml" />
                        </properties>
                    </lock-manager>

                </workspace>

            </workspaces>
        </repository>
    </repositories>
</repository-service>