<?xml version="1.0" encoding="ISO-8859-1"?>
<!--
    Copyright (C) 2009 eXo Platform SAS.
    This is free software; you can redistribute it and/or modify it
    under the terms of the GNU Lesser General Public License as
    published by the Free Software Foundation; either version 2.1 of
    the License, or (at your option) any later version.
    This software is distributed in the hope that it will be useful,
    but WITHOUT ANY WARRANTY; without even the implied warranty of
    MERCHANTABILITY or FITNESS FOR A PARTICULAR PURPOSE. See the GNU
    Lesser General Public License for more details.
    You should have received a copy of the GNU Lesser General Public
    License along with this software; if not, write to the Free
    Software Foundation, Inc., 51 Franklin St, Fifth Floor, Boston, MA
    02110-1301 USA, or see the FSF site: http://www.fsf.org.
-->
<configuration
        xmlns:xsi="http://www.w3.org/2001/XMLSchema-instance"
        xsi:schemaLocation="http://www.exoplatform.org/xml/ns/kernel_1_2.xsd http://www.exoplatform.org/xml/ns/kernel_1_2.xsd"
        xmlns="http://www.exoplatform.org/xml/ns/kernel_1_2.xsd">
    <component>
        <key>org.exoplatform.commons.api.notification.service.template.DigestorService</key>
        <type>org.exoplatform.commons.notification.impl.service.template.DigestorServiceImpl</type>
    </component>

    <component>
        <key>org.exoplatform.commons.api.notification.service.storage.MailNotificationStorage</key>
        <type>org.exoplatform.commons.notification.impl.jpa.email.JPAMailNotificationStorage</type>
    </component>

    <component>
        <type>org.exoplatform.commons.notification.NotificationContextFactory</type>
    </component>

    <component>
        <type>org.exoplatform.commons.notification.impl.PluginStatisticService</type>
    </component>

    <component>
        <type>org.exoplatform.commons.notification.impl.StatisticsService</type>
    </component>

    <component>
        <key>org.exoplatform.commons.api.notification.service.setting.PluginContainer</key>
        <type>org.exoplatform.commons.notification.impl.setting.NotificationPluginContainer</type>
    </component>

    <!-- channel register -->
    <external-component-plugins>
        <target-component>org.exoplatform.commons.api.notification.channel.ChannelManager</target-component>

        <component-plugin>
            <name>web.channel</name>
            <set-method>register</set-method>
            <type>org.exoplatform.commons.notification.channel.WebChannel</type>
            <description>Register the email channel to manager.</description>
        </component-plugin>
    </external-component-plugins>
</configuration>