<nodeTypes xmlns:nt="http://www.jcp.org/jcr/nt/1.0" xmlns:mix="http://www.jcp.org/jcr/mix/1.0" xmlns:jcr="http://www.jcp.org/jcr/1.0">
	<nodeType name="exo:datetime" isMixin="true" hasOrderableChildNodes="false" primaryItemName="">
    <propertyDefinitions>
      <propertyDefinition name="exo:dateCreated" requiredType="Date" autoCreated="true" mandatory="false"
        onParentVersion="COPY" protected="false" multiple="false">
        <valueConstraints/>	      
      </propertyDefinition>
      <propertyDefinition name="exo:dateModified" requiredType="Date" autoCreated="true" mandatory="false"
        onParentVersion="COPY" protected="false" multiple="false">
        <valueConstraints/>	      
      </propertyDefinition>
      <propertyDefinition name="exo:lastModifiedDate" requiredType="Date" autoCreated="true" mandatory="false"
        onParentVersion="COPY" protected="false" multiple="false">
        <valueConstraints/>       
      </propertyDefinition>
    </propertyDefinitions>
  </nodeType>
	<nodeType name="exo:sortable" isMixin="true" hasOrderableChildNodes="false" primaryItemName="">
    <propertyDefinitions>
      <propertyDefinition name="exo:name" requiredType="String" autoCreated="true" mandatory="false"
        onParentVersion="COPY" protected="false" multiple="false">
        <valueConstraints/>	      
      </propertyDefinition>
    </propertyDefinitions>
  </nodeType>
</nodeTypes>